[     136ms] [LOG] [Fast Refresh] rebuilding @ http://localhost:4568/_next/static/chunks/0lv3_next_dist_0n01cxw._.js:2432
[     138ms] [LOG] [Fast Refresh] done in 104ms @ http://localhost:4568/_next/static/chunks/0lv3_next_dist_0n01cxw._.js:2432
[     261ms] [INFO] %cDownload the React DevTools for a better development experience: https://react.dev/link/react-devtools font-weight:bold @ http://localhost:4568/_next/static/chunks/0lv3_next_dist_0n01cxw._.js:2432
[     299ms] [LOG] [HMR] connected @ http://localhost:4568/_next/static/chunks/0lv3_next_dist_0n01cxw._.js:2432
[     509ms] [LOG] [Fast Refresh] rebuilding @ http://localhost:4568/_next/static/chunks/0lv3_next_dist_0n01cxw._.js:2432
[     514ms] [LOG] [Fast Refresh] done in 115ms @ http://localhost:4568/_next/static/chunks/0lv3_next_dist_0n01cxw._.js:2432
[    6318ms] [ERROR] WebSocket connection to 'ws://localhost:4568/_next/webpack-hmr?id=bxZByGUr5MbCDh1qFVV6I' failed: Error in connection establishment: net::ERR_CONNECTION_REFUSED @ http://localhost:4568/_next/static/chunks/0lv3_next_dist_client_0bo6hv6._.js:13300
[    9665ms] [ERROR] WebSocket connection to 'ws://localhost:4568/_next/webpack-hmr?id=bxZByGUr5MbCDh1qFVV6I' failed: Error in connection establishment: net::ERR_CONNECTION_REFUSED @ http://localhost:4568/_next/static/chunks/0lv3_next_dist_client_0bo6hv6._.js:13300
[   13019ms] [ERROR] WebSocket connection to 'ws://localhost:4568/_next/webpack-hmr?id=bxZByGUr5MbCDh1qFVV6I' failed: Error in connection establishment: net::ERR_CONNECTION_REFUSED @ http://localhost:4568/_next/static/chunks/0lv3_next_dist_client_0bo6hv6._.js:13300
[   16374ms] [ERROR] WebSocket connection to 'ws://localhost:4568/_next/webpack-hmr?id=bxZByGUr5MbCDh1qFVV6I' failed: Error in connection establishment: net::ERR_CONNECTION_REFUSED @ http://localhost:4568/_next/static/chunks/0lv3_next_dist_client_0bo6hv6._.js:13300
[   19735ms] [ERROR] WebSocket connection to 'ws://localhost:4568/_next/webpack-hmr?id=bxZByGUr5MbCDh1qFVV6I' failed: Error in connection establishment: net::ERR_CONNECTION_REFUSED @ http://localhost:4568/_next/static/chunks/0lv3_next_dist_client_0bo6hv6._.js:13300
[   27123ms] [ERROR] WebSocket connection to 'ws://localhost:4568/_next/webpack-hmr?id=bxZByGUr5MbCDh1qFVV6I' failed: Error in connection establishment: net::ERR_CONNECTION_REFUSED @ http://localhost:4568/_next/static/chunks/0lv3_next_dist_client_0bo6hv6._.js:13300
[   34473ms] [ERROR] WebSocket connection to 'ws://localhost:4568/_next/webpack-hmr?id=bxZByGUr5MbCDh1qFVV6I' failed: Error in connection establishment: net::ERR_CONNECTION_REFUSED @ http://localhost:4568/_next/static/chunks/0lv3_next_dist_client_0bo6hv6._.js:13300
[   41846ms] [ERROR] WebSocket connection to 'ws://localhost:4568/_next/webpack-hmr?id=bxZByGUr5MbCDh1qFVV6I' failed: Error in connection establishment: net::ERR_CONNECTION_REFUSED @ http://localhost:4568/_next/static/chunks/0lv3_next_dist_client_0bo6hv6._.js:13300
[   49204ms] [ERROR] WebSocket connection to 'ws://localhost:4568/_next/webpack-hmr?id=bxZByGUr5MbCDh1qFVV6I' failed: Error in connection establishment: net::ERR_CONNECTION_REFUSED @ http://localhost:4568/_next/static/chunks/0lv3_next_dist_client_0bo6hv6._.js:13300
[   56563ms] [ERROR] WebSocket connection to 'ws://localhost:4568/_next/webpack-hmr?id=bxZByGUr5MbCDh1qFVV6I' failed: Error in connection establishment: net::ERR_CONNECTION_REFUSED @ http://localhost:4568/_next/static/chunks/0lv3_next_dist_client_0bo6hv6._.js:13300
[   63932ms] [ERROR] WebSocket connection to 'ws://localhost:4568/_next/webpack-hmr?id=bxZByGUr5MbCDh1qFVV6I' failed: Error in connection establishment: net::ERR_CONNECTION_REFUSED @ http://localhost:4568/_next/static/chunks/0lv3_next_dist_client_0bo6hv6._.js:13300
[   71381ms] [LOG] [HMR] connected @ http://localhost:4568/_next/static/chunks/0lv3_next_dist_0n01cxw._.js:2432
[   72297ms] [INFO] %cDownload the React DevTools for a better development experience: https://react.dev/link/react-devtools font-weight:bold @ http://localhost:4568/_next/static/chunks/0lv3_next_dist_0n01cxw._.js:2432
[   72317ms] [LOG] [HMR] connected @ http://localhost:4568/_next/static/chunks/0lv3_next_dist_0n01cxw._.js:2432
[   84598ms] [ERROR] WebSocket connection to 'ws://localhost:4568/_next/webpack-hmr?id=Coq-WMvfF8AzLo3VX_Z6i' failed: Error in connection establishment: net::ERR_CONNECTION_REFUSED @ http://localhost:4568/_next/static/chunks/0lv3_next_dist_client_0bo6hv6._.js:13300
[   87960ms] [ERROR] WebSocket connection to 'ws://localhost:4568/_next/webpack-hmr?id=Coq-WMvfF8AzLo3VX_Z6i' failed: Error in connection establishment: net::ERR_CONNECTION_REFUSED @ http://localhost:4568/_next/static/chunks/0lv3_next_dist_client_0bo6hv6._.js:13300
[   91307ms] [ERROR] WebSocket connection to 'ws://localhost:4568/_next/webpack-hmr?id=Coq-WMvfF8AzLo3VX_Z6i' failed: Error in connection establishment: net::ERR_CONNECTION_REFUSED @ http://localhost:4568/_next/static/chunks/0lv3_next_dist_client_0bo6hv6._.js:13300
[   94663ms] [ERROR] WebSocket connection to 'ws://localhost:4568/_next/webpack-hmr?id=Coq-WMvfF8AzLo3VX_Z6i' failed: Error in connection establishment: net::ERR_CONNECTION_REFUSED @ http://localhost:4568/_next/static/chunks/0lv3_next_dist_client_0bo6hv6._.js:13300
[   98027ms] [ERROR] WebSocket connection to 'ws://localhost:4568/_next/webpack-hmr?id=Coq-WMvfF8AzLo3VX_Z6i' failed: Error in connection establishment: net::ERR_CONNECTION_REFUSED @ http://localhost:4568/_next/static/chunks/0lv3_next_dist_client_0bo6hv6._.js:13300
[  105398ms] [ERROR] WebSocket connection to 'ws://localhost:4568/_next/webpack-hmr?id=Coq-WMvfF8AzLo3VX_Z6i' failed: Error in connection establishment: net::ERR_CONNECTION_REFUSED @ http://localhost:4568/_next/static/chunks/0lv3_next_dist_client_0bo6hv6._.js:13300
[  112746ms] [ERROR] WebSocket connection to 'ws://localhost:4568/_next/webpack-hmr?id=Coq-WMvfF8AzLo3VX_Z6i' failed: Error in connection establishment: net::ERR_CONNECTION_REFUSED @ http://localhost:4568/_next/static/chunks/0lv3_next_dist_client_0bo6hv6._.js:13300
[  120108ms] [ERROR] WebSocket connection to 'ws://localhost:4568/_next/webpack-hmr?id=Coq-WMvfF8AzLo3VX_Z6i' failed: Error in connection establishment: net::ERR_CONNECTION_REFUSED @ http://localhost:4568/_next/static/chunks/0lv3_next_dist_client_0bo6hv6._.js:13300
[  127483ms] [ERROR] WebSocket connection to 'ws://localhost:4568/_next/webpack-hmr?id=Coq-WMvfF8AzLo3VX_Z6i' failed: Error in connection establishment: net::ERR_CONNECTION_REFUSED @ http://localhost:4568/_next/static/chunks/0lv3_next_dist_client_0bo6hv6._.js:13300
[  134828ms] [ERROR] WebSocket connection to 'ws://localhost:4568/_next/webpack-hmr?id=Coq-WMvfF8AzLo3VX_Z6i' failed: Error in connection establishment: net::ERR_CONNECTION_REFUSED @ http://localhost:4568/_next/static/chunks/0lv3_next_dist_client_0bo6hv6._.js:13300
[  142204ms] [ERROR] WebSocket connection to 'ws://localhost:4568/_next/webpack-hmr?id=Coq-WMvfF8AzLo3VX_Z6i' failed: Error in connection establishment: net::ERR_CONNECTION_REFUSED @ http://localhost:4568/_next/static/chunks/0lv3_next_dist_client_0bo6hv6._.js:13300
[  149595ms] [ERROR] WebSocket connection to 'ws://localhost:4568/_next/webpack-hmr?id=Coq-WMvfF8AzLo3VX_Z6i' failed: Error in connection establishment: net::ERR_CONNECTION_REFUSED @ http://localhost:4568/_next/static/chunks/0lv3_next_dist_client_0bo6hv6._.js:13300
