[      31ms] [ERROR] Failed to load resource: the server responded with a status of 500 (Internal Server Error) @ http://localhost:4568/_next/static/media/GeistMono_Variable.p.17jn9btb_52pq.woff2:0
[      31ms] [ERROR] Failed to load resource: the server responded with a status of 500 (Internal Server Error) @ http://localhost:4568/_next/static/media/GeistPixel_Grid.p.0zc0qh60q6fhp.woff2:0
[      35ms] [ERROR] Failed to load resource: the server responded with a status of 500 (Internal Server Error) @ http://localhost:4568/_next/static/media/GeistPixel_Line.p.08i~a2gz-qqs4.woff2:0
[      35ms] [ERROR] Failed to load resource: the server responded with a status of 500 (Internal Server Error) @ http://localhost:4568/_next/static/media/GeistPixel_Circle.p.05.s3p06xvhvp.woff2:0
[      37ms] [ERROR] Failed to load resource: the server responded with a status of 500 (Internal Server Error) @ http://localhost:4568/_next/static/media/GeistPixel_Square.p.0tw8-iz4k0690.woff2:0
[      37ms] [ERROR] Failed to load resource: the server responded with a status of 500 (Internal Server Error) @ http://localhost:4568/_next/static/chunks/0q0qk3on3l4-..css:0
[      40ms] [ERROR] Failed to load resource: the server responded with a status of 500 (Internal Server Error) @ http://localhost:4568/_next/static/media/Geist_Variable-s.p.0-te~ja_gpvcf.woff2:0
[      41ms] [ERROR] Failed to load resource: the server responded with a status of 500 (Internal Server Error) @ http://localhost:4568/_next/static/media/GeistPixel_Triangle.p.088sohq24lw~s.woff2:0
[      50ms] [ERROR] Failed to load resource: the server responded with a status of 500 (Internal Server Error) @ http://localhost:4568/_next/static/chunks/11rm~_htvp59n.js:0
[      51ms] [ERROR] Failed to load resource: the server responded with a status of 500 (Internal Server Error) @ http://localhost:4568/_next/static/chunks/0nqluqsxh.gtq.js:0
[      51ms] [ERROR] Failed to load resource: the server responded with a status of 500 (Internal Server Error) @ http://localhost:4568/_next/static/chunks/0dx.7m0~fyk7p.js:0
[      51ms] [ERROR] Failed to load resource: the server responded with a status of 500 (Internal Server Error) @ http://localhost:4568/_next/static/chunks/0.k73ayn2bsm0.js:0
[      51ms] [ERROR] Failed to load resource: the server responded with a status of 500 (Internal Server Error) @ http://localhost:4568/_next/static/chunks/0e1i-4oj5n~y~.js:0
[      51ms] [ERROR] Failed to load resource: the server responded with a status of 500 (Internal Server Error) @ http://localhost:4568/_next/static/chunks/03k_js9q30-ok.js:0
[      52ms] [ERROR] Failed to load resource: the server responded with a status of 500 (Internal Server Error) @ http://localhost:4568/_next/static/chunks/0sa7q9ih1qs9j.js:0
[      52ms] [ERROR] Failed to load resource: the server responded with a status of 500 (Internal Server Error) @ http://localhost:4568/_next/static/chunks/turbopack-0v~x9jbxxasi5.js:0
[      52ms] [ERROR] Failed to load resource: the server responded with a status of 500 (Internal Server Error) @ http://localhost:4568/_next/static/chunks/1633m7c-fh9nk.js:0
[      53ms] [ERROR] Failed to load resource: the server responded with a status of 500 (Internal Server Error) @ http://localhost:4568/_next/static/chunks/0c99y6hwyx4d9.js:0
[      54ms] [ERROR] Failed to load resource: the server responded with a status of 500 (Internal Server Error) @ http://localhost:4568/_next/static/chunks/0tj2hfq7bl.k_.js:0
[      54ms] [ERROR] Failed to load resource: the server responded with a status of 500 (Internal Server Error) @ http://localhost:4568/_next/static/chunks/0pczrr~n54xys.js:0
[      54ms] [ERROR] Failed to load resource: the server responded with a status of 500 (Internal Server Error) @ http://localhost:4568/_next/static/chunks/16kbc167j17qh.js:0
[      56ms] [ERROR] Failed to load resource: the server responded with a status of 500 (Internal Server Error) @ http://localhost:4568/_next/static/chunks/0oh-2h0w3q3lp.js:0
[      57ms] [ERROR] Failed to load resource: the server responded with a status of 500 (Internal Server Error) @ http://localhost:4568/_next/static/chunks/0ssuf-756aw_n.js:0
[      60ms] [ERROR] Failed to load resource: the server responded with a status of 500 (Internal Server Error) @ http://localhost:4568/_next/static/chunks/1387mh3kxucqn.js:0
[    3151ms] [WARNING] The resource http://localhost:4568/_next/static/media/GeistPixel_Square.p.0tw8-iz4k0690.woff2 was preloaded using link preload but not used within a few seconds from the window's load event. Please make sure it has an appropriate `as` value and it is preloaded intentionally. @ http://localhost:4568/onboarding:0
[    3151ms] [WARNING] The resource http://localhost:4568/_next/static/media/GeistPixel_Line.p.08i~a2gz-qqs4.woff2 was preloaded using link preload but not used within a few seconds from the window's load event. Please make sure it has an appropriate `as` value and it is preloaded intentionally. @ http://localhost:4568/onboarding:0
[    3151ms] [WARNING] The resource http://localhost:4568/_next/static/media/GeistPixel_Grid.p.0zc0qh60q6fhp.woff2 was preloaded using link preload but not used within a few seconds from the window's load event. Please make sure it has an appropriate `as` value and it is preloaded intentionally. @ http://localhost:4568/onboarding:0
[    3151ms] [WARNING] The resource http://localhost:4568/_next/static/media/GeistMono_Variable.p.17jn9btb_52pq.woff2 was preloaded using link preload but not used within a few seconds from the window's load event. Please make sure it has an appropriate `as` value and it is preloaded intentionally. @ http://localhost:4568/onboarding:0
[    3151ms] [WARNING] The resource http://localhost:4568/_next/static/media/Geist_Variable-s.p.0-te~ja_gpvcf.woff2 was preloaded using link preload but not used within a few seconds from the window's load event. Please make sure it has an appropriate `as` value and it is preloaded intentionally. @ http://localhost:4568/onboarding:0
[    3151ms] [WARNING] The resource http://localhost:4568/_next/static/media/GeistPixel_Circle.p.05.s3p06xvhvp.woff2 was preloaded using link preload but not used within a few seconds from the window's load event. Please make sure it has an appropriate `as` value and it is preloaded intentionally. @ http://localhost:4568/onboarding:0
[    3151ms] [WARNING] The resource http://localhost:4568/_next/static/media/GeistPixel_Triangle.p.088sohq24lw~s.woff2 was preloaded using link preload but not used within a few seconds from the window's load event. Please make sure it has an appropriate `as` value and it is preloaded intentionally. @ http://localhost:4568/onboarding:0
[    3151ms] [WARNING] The resource http://localhost:4568/unregister-sw.js was preloaded using link preload but not used within a few seconds from the window's load event. Please make sure it has an appropriate `as` value and it is preloaded intentionally. @ http://localhost:4568/onboarding:0
